[debug] [2021-01-12T20:36:55.551Z] ----------------------------------------------------------------------
[debug] [2021-01-12T20:36:55.553Z] Command:       C:\Program Files\nodejs\node.exe C:\Users\Datago\AppData\Roaming\npm\node_modules\firebase-tools\lib\bin\firebase.js serve
[debug] [2021-01-12T20:36:55.553Z] CLI Version:   9.1.2
[debug] [2021-01-12T20:36:55.553Z] Platform:      win32
[debug] [2021-01-12T20:36:55.553Z] Node Version:  v14.15.1
[debug] [2021-01-12T20:36:55.554Z] Time:          Tue Jan 12 2021 17:36:55 GMT-0300 (Horário Padrão de Brasília)
[debug] [2021-01-12T20:36:55.554Z] ----------------------------------------------------------------------
[debug] [2021-01-12T20:36:55.554Z] 
[debug] [2021-01-12T20:36:55.561Z] > command requires scopes: ["email","openid","https://www.googleapis.com/auth/cloudplatformprojects.readonly","https://www.googleapis.com/auth/firebase","https://www.googleapis.com/auth/cloud-platform"]
[debug] [2021-01-12T20:36:55.562Z] > authorizing via signed-in user
[debug] [2021-01-12T20:36:55.562Z] [iam] checking project notas-e3083 for permissions ["firebase.projects.get"]
[debug] [2021-01-12T20:36:55.565Z] >>> HTTP REQUEST POST https://cloudresourcemanager.googleapis.com/v1/projects/notas-e3083:testIamPermissions  
 {"permissions":["firebase.projects.get"]}
[debug] [2021-01-12T20:36:56.630Z] <<< HTTP RESPONSE 200 {"content-type":"application/json; charset=UTF-8","vary":"X-Origin, Referer, Origin,Accept-Encoding","date":"Tue, 12 Jan 2021 20:36:56 GMT","server":"ESF","cache-control":"private","x-xss-protection":"0","x-frame-options":"SAMEORIGIN","x-content-type-options":"nosniff","server-timing":"gfet4t7; dur=784","alt-svc":"h3-29=\":443\"; ma=2592000,h3-T051=\":443\"; ma=2592000,h3-Q050=\":443\"; ma=2592000,h3-Q046=\":443\"; ma=2592000,h3-Q043=\":443\"; ma=2592000,quic=\":443\"; ma=2592000; v=\"46,43\"","accept-ranges":"none","transfer-encoding":"chunked"}
[debug] [2021-01-12T20:36:56.639Z] >>> HTTP REQUEST GET https://firebase.googleapis.com/v1beta1/projects/notas-e3083  
 
[debug] [2021-01-12T20:36:57.716Z] <<< HTTP RESPONSE 200 {"content-type":"application/json; charset=UTF-8","vary":"X-Origin, Referer, Origin,Accept-Encoding","date":"Tue, 12 Jan 2021 20:36:57 GMT","server":"ESF","cache-control":"private","x-xss-protection":"0","x-frame-options":"SAMEORIGIN","x-content-type-options":"nosniff","alt-svc":"h3-29=\":443\"; ma=2592000,h3-T051=\":443\"; ma=2592000,h3-Q050=\":443\"; ma=2592000,h3-Q046=\":443\"; ma=2592000,h3-Q043=\":443\"; ma=2592000,quic=\":443\"; ma=2592000; v=\"46,43\"","accept-ranges":"none","transfer-encoding":"chunked"}
[info] 
[info] === Serving from 'C:\Users\Datago\Projetos\APnotas'...
[info] 
[debug] [2021-01-12T20:36:57.739Z] >>> HTTP REQUEST GET https://firebase.googleapis.com/v1beta1/projects/notas-e3083/webApps/-/config  
 
[debug] [2021-01-12T20:36:58.396Z] <<< HTTP RESPONSE 200 {"content-type":"application/json; charset=UTF-8","vary":"X-Origin, Referer, Origin,Accept-Encoding","date":"Tue, 12 Jan 2021 20:36:57 GMT","server":"ESF","cache-control":"private","x-xss-protection":"0","x-frame-options":"SAMEORIGIN","x-content-type-options":"nosniff","alt-svc":"h3-29=\":443\"; ma=2592000,h3-T051=\":443\"; ma=2592000,h3-Q050=\":443\"; ma=2592000,h3-Q046=\":443\"; ma=2592000,h3-Q043=\":443\"; ma=2592000,quic=\":443\"; ma=2592000; v=\"46,43\"","accept-ranges":"none","transfer-encoding":"chunked"}
[info] i  hosting: Serving hosting files from: public {"metadata":{"emulator":{"name":"hosting"},"message":"Serving hosting files from: \u001b[1mpublic\u001b[22m"}}
[info] +  hosting: Local server: http://localhost:5000 {"metadata":{"emulator":{"name":"hosting"},"message":"Local server: \u001b[4m\u001b[1mhttp://localhost:5000\u001b[22m\u001b[24m"}}
[debug] [2021-01-18T18:32:45.981Z] ----------------------------------------------------------------------
[debug] [2021-01-18T18:32:45.983Z] Command:       C:\Program Files\nodejs\node.exe C:\Users\Datago\AppData\Roaming\npm\node_modules\firebase-tools\lib\bin\firebase.js init
[debug] [2021-01-18T18:32:45.983Z] CLI Version:   9.2.1
[debug] [2021-01-18T18:32:45.983Z] Platform:      win32
[debug] [2021-01-18T18:32:45.983Z] Node Version:  v14.15.1
[debug] [2021-01-18T18:32:45.984Z] Time:          Mon Jan 18 2021 15:32:45 GMT-0300 (Horário Padrão de Brasília)
[debug] [2021-01-18T18:32:45.984Z] ----------------------------------------------------------------------
[debug] [2021-01-18T18:32:45.984Z] 
[debug] [2021-01-18T18:32:45.986Z] >>> [apiv2][query] GET https://firebase-public.firebaseio.com/cli.json [none]
[debug] [2021-01-18T18:32:46.002Z] > command requires scopes: ["email","openid","https://www.googleapis.com/auth/cloudplatformprojects.readonly","https://www.googleapis.com/auth/firebase","https://www.googleapis.com/auth/cloud-platform"]
[debug] [2021-01-18T18:32:46.002Z] > authorizing via signed-in user
[info] 
     ######## #### ########  ######## ########     ###     ######  ########
     ##        ##  ##     ## ##       ##     ##  ##   ##  ##       ##
     ######    ##  ########  ######   ########  #########  ######  ######
     ##        ##  ##    ##  ##       ##     ## ##     ##       ## ##
     ##       #### ##     ## ######## ########  ##     ##  ######  ########

You're about to initialize a Firebase project in this directory:

  C:\Users\Datago\Projetos\APnotas

Before we get started, keep in mind:

  * You are initializing in an existing Firebase project directory

[debug] [2021-01-18T18:32:46.749Z] <<< [apiv2][status] GET https://firebase-public.firebaseio.com/cli.json 200
[debug] [2021-01-18T18:32:46.750Z] <<< [apiv2][body] GET https://firebase-public.firebaseio.com/cli.json {"cloudBuildErrorAfter":1594252800000,"cloudBuildWarnAfter":1590019200000,"defaultNode10After":1594252800000,"minVersion":"3.0.5","node8DeploysDisabledAfter":1613390400000,"node8RuntimeDisabledAfter":1615809600000,"node8WarnAfter":1600128000000}
[info] 
=== Project Setup
[info] 
[info] First, let's associate this project directory with a Firebase project.
[info] You can create multiple project aliases by running firebase use --add, 
[info] but for now we'll just set up a default project.
[info] 
[info] i  .firebaserc already has a default project, using notas-e3083. 
[debug] [2021-01-18T18:35:48.008Z] > refreshing access token with scopes: []
[debug] [2021-01-18T18:35:48.009Z] >>> HTTP REQUEST POST https://www.googleapis.com/oauth2/v3/token  
 <request body omitted>
[debug] [2021-01-18T18:35:48.267Z] <<< HTTP RESPONSE 200 {"date":"Mon, 18 Jan 2021 18:35:45 GMT","expires":"Mon, 01 Jan 1990 00:00:00 GMT","cache-control":"no-cache, no-store, max-age=0, must-revalidate","pragma":"no-cache","content-type":"application/json; charset=utf-8","vary":"X-Origin, Referer, Origin,Accept-Encoding","server":"scaffolding on HTTPServer2","x-xss-protection":"0","x-frame-options":"SAMEORIGIN","x-content-type-options":"nosniff","alt-svc":"h3-29=\":443\"; ma=2592000,h3-T051=\":443\"; ma=2592000,h3-Q050=\":443\"; ma=2592000,h3-Q046=\":443\"; ma=2592000,h3-Q043=\":443\"; ma=2592000,quic=\":443\"; ma=2592000; v=\"46,43\"","accept-ranges":"none","transfer-encoding":"chunked"}
[debug] [2021-01-18T18:35:48.278Z] >>> [apiv2][query] GET https://firebase.googleapis.com/v1beta1/projects/notas-e3083 [none]
[debug] [2021-01-18T18:35:48.741Z] <<< [apiv2][status] GET https://firebase.googleapis.com/v1beta1/projects/notas-e3083 200
[debug] [2021-01-18T18:35:48.741Z] <<< [apiv2][body] GET https://firebase.googleapis.com/v1beta1/projects/notas-e3083 {"projectId":"notas-e3083","projectNumber":"509369719391","displayName":"Notas","name":"projects/notas-e3083","resources":{"hostingSite":"notas-e3083","realtimeDatabaseInstance":"notas-e3083-default-rtdb"},"state":"ACTIVE"}
[info] 
=== Hosting Setup
[info] 
[info] Your public directory is the folder (relative to your project directory) that
[info] will contain Hosting assets to be uploaded with firebase deploy. If you
[info] have a build process for your assets, use your build's output directory.
[info] 
[debug] [2021-01-18T18:43:10.815Z] >>> [apiv2][query] GET https://www.gstatic.com/firebasejs/releases.json [none]
[debug] [2021-01-18T18:43:11.014Z] <<< [apiv2][status] GET https://www.gstatic.com/firebasejs/releases.json 200
[debug] [2021-01-18T18:43:11.014Z] <<< [apiv2][body] GET https://www.gstatic.com/firebasejs/releases.json {"current":{"version":"8.2.3","browserURL":"https://www.gstatic.com/firebasejs/8.2.3/firebase.js","packageURL":"https://www.gstatic.com/firebasejs/8.2.3/firebase.tgz"},"live":{"version":"8.2","browserURL":"https://www.gstatic.com/firebasejs/live/8.2/firebase.js","packageURL":"https://www.gstatic.com/firebasejs/live/8.2/firebase.tgz"},"components":{"analytics":"https://www.gstatic.com/firebasejs/8.2.3/firebase-analytics.js","app":"https://www.gstatic.com/firebasejs/8.2.3/firebase-app.js","auth":"https://www.gstatic.com/firebasejs/8.2.3/firebase-auth.js","database":"https://www.gstatic.com/firebasejs/8.2.3/firebase-database.js","firestore":"https://www.gstatic.com/firebasejs/8.2.3/firebase-firestore.js","functions":"https://www.gstatic.com/firebasejs/8.2.3/firebase-functions.js","installations":"https://www.gstatic.com/firebasejs/8.2.3/firebase-installations.js","messaging":"https://www.gstatic.com/firebasejs/8.2.3/firebase-messaging.js","storage":"https://www.gstatic.com/firebasejs/8.2.3/firebase-storage.js","performance":"https://www.gstatic.com/firebasejs/8.2.3/firebase-performance.js","remote-config":"https://www.gstatic.com/firebasejs/8.2.3/firebase-remote-config.js","firestore.memory":"https://www.gstatic.com/firebasejs/8.2.3/firebase-firestore.memory.js"}}
[info] +  Wrote y/index.html 
[info] 
[info] i  Detected a .git folder at C:\Users\Datago\Projetos\APnotas 
[info] i  Authorizing with GitHub to upload your service account to a GitHub repository's secrets store. 
[info] 
[info] Visit this URL on this device to log in:
[info] https://github.com/login/oauth/authorize?client_id=89cf50f02ac6aaed3484&state=289247454&redirect_uri=http%3A%2F%2Flocalhost%3A9005&scope=read%3Auser%20repo%20public_repo
[info] 
[info] Waiting for authentication...
[debug] [2021-01-18T18:43:32.516Z] >>> HTTP REQUEST POST https://github.com/login/oauth/access_token  
 {"client_id":"89cf50f02ac6aaed3484","client_secret":"3330d14abc895d9a74d5f17cd7a00711fa2c5bf0","code":"faa2b61d5b701765a87e","redirect_uri":"http://localhost:9005","state":"289247454"}
[debug] [2021-01-18T18:43:33.063Z] <<< HTTP RESPONSE 200 {"server":"GitHub.com","date":"Mon, 18 Jan 2021 18:43:30 GMT","content-type":"application/json; charset=utf-8","transfer-encoding":"chunked","status":"200 OK","vary":"X-PJAX, Accept-Encoding, Accept, X-Requested-With","etag":"W/\"329d3b4ff63bf9ad6f12b5d144841b2c\"","cache-control":"max-age=0, private, must-revalidate","strict-transport-security":"max-age=31536000; includeSubdomains; preload","x-frame-options":"deny","x-content-type-options":"nosniff","x-xss-protection":"1; mode=block","referrer-policy":"origin-when-cross-origin, strict-origin-when-cross-origin","expect-ct":"max-age=2592000, report-uri=\"https://api.github.com/_private/browser/errors\"","content-security-policy":"default-src 'none'; base-uri 'self'; block-all-mixed-content; connect-src 'self' uploads.github.com www.githubstatus.com collector.githubapp.com api.github.com github-cloud.s3.amazonaws.com github-production-repository-file-5c1aeb.s3.amazonaws.com github-production-upload-manifest-file-7fdce7.s3.amazonaws.com github-production-user-asset-6210df.s3.amazonaws.com cdn.optimizely.com logx.optimizely.com/v1/events wss://alive.github.com; font-src github.githubassets.com; form-action 'self' github.com gist.github.com; frame-ancestors 'none'; frame-src render.githubusercontent.com; img-src 'self' data: github.githubassets.com identicons.github.com collector.githubapp.com github-cloud.s3.amazonaws.com *.githubusercontent.com; manifest-src 'self'; media-src 'none'; script-src github.githubassets.com; style-src 'unsafe-inline' github.githubassets.com; worker-src github.com/socket-worker-5029ae85.js gist.github.com/socket-worker-5029ae85.js","x-github-request-id":"3258:0B07:9C2E86:E07B50:6005D6D2"}
[debug] [2021-01-18T18:43:33.065Z] >>> [apiv2][query] GET https://api.github.com/user [none]
[debug] [2021-01-18T18:43:33.708Z] <<< [apiv2][status] GET https://api.github.com/user 200
[debug] [2021-01-18T18:43:33.708Z] <<< [apiv2][body] GET https://api.github.com/user {"login":"AdlerFurlan","id":75855374,"node_id":"MDQ6VXNlcjc1ODU1Mzc0","avatar_url":"https://avatars3.githubusercontent.com/u/75855374?v=4","gravatar_id":"","url":"https://api.github.com/users/AdlerFurlan","html_url":"https://github.com/AdlerFurlan","followers_url":"https://api.github.com/users/AdlerFurlan/followers","following_url":"https://api.github.com/users/AdlerFurlan/following{/other_user}","gists_url":"https://api.github.com/users/AdlerFurlan/gists{/gist_id}","starred_url":"https://api.github.com/users/AdlerFurlan/starred{/owner}{/repo}","subscriptions_url":"https://api.github.com/users/AdlerFurlan/subscriptions","organizations_url":"https://api.github.com/users/AdlerFurlan/orgs","repos_url":"https://api.github.com/users/AdlerFurlan/repos","events_url":"https://api.github.com/users/AdlerFurlan/events{/privacy}","received_events_url":"https://api.github.com/users/AdlerFurlan/received_events","type":"User","site_admin":false,"name":null,"company":null,"blog":"","location":null,"email":null,"hireable":null,"bio":null,"twitter_username":null,"public_repos":4,"public_gists":0,"followers":0,"following":0,"created_at":"2020-12-11T17:44:33Z","updated_at":"2021-01-18T18:43:29Z","private_gists":0,"total_private_repos":0,"owned_private_repos":0,"disk_usage":11020,"collaborators":0,"two_factor_authentication":false,"plan":{"name":"free","space":976562499,"collaborators":0,"private_repos":10000}}
[info] 
[info] +  Success! Logged into GitHub as AdlerFurlan 
[info] 
